<?xml version="1.0" encoding="UTF-8"?>
<testsuite name="JUnit Jupiter" tests="5" skipped="0" failures="0" errors="0" time="0.178" hostname="NTTD-10VD21637" timestamp="2020-09-08T10:59:40">
<properties>
[...]
</properties>
<testcase name="addsTwoNumbers()" classname="com.example.project.CalculatorTests" time="0.026">
<system-out><![CDATA[
unique-id: [engine:junit-jupiter]/[class:com.example.project.CalculatorTests]/[method:addsTwoNumbers()]
display-name: 1 + 1 = 2
]]></system-out>
</testcase>
<testcase name="add(int, int, int)[1]" classname="com.example.project.CalculatorTests" time="0.028">
<system-out><![CDATA[
unique-id: [engine:junit-jupiter]/[class:com.example.project.CalculatorTests]/[test-template:add(int, int, int)]/[test-template-invocation:#1]
display-name: 0 + 1 = 1
]]></system-out>
</testcase>
<testcase name="add(int, int, int)[2]" classname="com.example.project.CalculatorTests" time="0">
<system-out><![CDATA[
unique-id: [engine:junit-jupiter]/[class:com.example.project.CalculatorTests]/[test-template:add(int, int, int)]/[test-template-invocation:#2]
display-name: 1 + 2 = 3
]]></system-out>
</testcase>
<testcase name="add(int, int, int)[3]" classname="com.example.project.CalculatorTests" time="0">
<system-out><![CDATA[
unique-id: [engine:junit-jupiter]/[class:com.example.project.CalculatorTests]/[test-template:add(int, int, int)]/[test-template-invocation:#3]
display-name: 49 + 51 = 100
]]></system-out>
</testcase>
<testcase name="add(int, int, int)[4]" classname="com.example.project.CalculatorTests" time="0.001">
<system-out><![CDATA[
unique-id: [engine:junit-jupiter]/[class:com.example.project.CalculatorTests]/[test-template:add(int, int, int)]/[test-template-invocation:#4]
display-name: 1 + 100 = 101
]]></system-out>
</testcase>
<system-out><![CDATA[
unique-id: [engine:junit-jupiter]
display-name: JUnit Jupiter
]]></system-out>
</testsuite>
