<?xml version="1.0" encoding="UTF-8" ?>
<testsuites>
  <testsuite aborted="0" failures="0" id="0" name="CalculatorTests" package="com.example.project" skipped="0" tests="5" time="0.234" timestamp="2020-09-08T01:59:38">
    <properties>
[...]
</properties>
    <testcase classname="com.example.project.CalculatorTests" name="add(int, int, int)[4]" time="0.015" />
    <testcase classname="com.example.project.CalculatorTests" name="add(int, int, int)[1]" time="0.035" />
    <testcase classname="com.example.project.CalculatorTests" name="addsTwoNumbers()" time="0.028" />
    <testcase classname="com.example.project.CalculatorTests" name="add(int, int, int)[3]" time="0.001" />
    <testcase classname="com.example.project.CalculatorTests" name="add(int, int, int)[2]" time="0.001" />
  </testsuite>
  <testsuite errors="0" failures="0" hostname="NTTD-10VD21637" id="1" name="JUnit Jupiter" package="" skipped="0" tests="5" time="0.178" timestamp="2020-09-08T10:59:40">
    <properties>
[...]
</properties>

    <testcase classname="com.example.project.CalculatorTests" name="addsTwoNumbers()" time="0.026">
      <system-out><![CDATA[
unique-id: [engine:junit-jupiter]/[class:com.example.project.CalculatorTests]/[method:addsTwoNumbers()]
display-name: 1 + 1 = 2
]]></system-out>

    </testcase>

    <testcase classname="com.example.project.CalculatorTests" name="add(int, int, int)[1]" time="0.028">
      <system-out><![CDATA[
unique-id: [engine:junit-jupiter]/[class:com.example.project.CalculatorTests]/[test-template:add(int, int, int)]/[test-template-invocation:#1]
display-name: 0 + 1 = 1
]]></system-out>

    </testcase>

    <testcase classname="com.example.project.CalculatorTests" name="add(int, int, int)[2]" time="0">
      <system-out><![CDATA[
unique-id: [engine:junit-jupiter]/[class:com.example.project.CalculatorTests]/[test-template:add(int, int, int)]/[test-template-invocation:#2]
display-name: 1 + 2 = 3
]]></system-out>

    </testcase>

    <testcase classname="com.example.project.CalculatorTests" name="add(int, int, int)[3]" time="0">
      <system-out><![CDATA[
unique-id: [engine:junit-jupiter]/[class:com.example.project.CalculatorTests]/[test-template:add(int, int, int)]/[test-template-invocation:#3]
display-name: 49 + 51 = 100
]]></system-out>

    </testcase>

    <testcase classname="com.example.project.CalculatorTests" name="add(int, int, int)[4]" time="0.001">
      <system-out><![CDATA[
unique-id: [engine:junit-jupiter]/[class:com.example.project.CalculatorTests]/[test-template:add(int, int, int)]/[test-template-invocation:#4]
display-name: 1 + 100 = 101
]]></system-out>

    </testcase>

    <system-out><![CDATA[
unique-id: [engine:junit-jupiter]
display-name: JUnit Jupiter
]]></system-out>

  </testsuite>
  <testsuite errors="0" failures="0" hostname="NTTD-10VD21637" id="2" name="JUnit Vintage" package="" skipped="0" tests="0" time="0.003" timestamp="2020-09-08T10:59:40">
    <properties>
[...]
</properties>

    <system-out><![CDATA[
unique-id: [engine:junit-vintage]
display-name: JUnit Vintage
]]></system-out>

  </testsuite>
</testsuites>
