<?xml version="1.0" ?><testsuite name="com.example.project.CalculatorTests" time="0.234" timestamp="2020-09-08T01:59:38" tests="5" failures="0" skipped="0" aborted="0"><properties>
[...]
</properties><testcase classname="com.example.project.CalculatorTests" name="add(int, int, int)[4]" time="0.015"></testcase><testcase classname="com.example.project.CalculatorTests" name="add(int, int, int)[1]" time="0.035"></testcase><testcase classname="com.example.project.CalculatorTests" name="addsTwoNumbers()" time="0.028"></testcase><testcase classname="com.example.project.CalculatorTests" name="add(int, int, int)[3]" time="0.001"></testcase><testcase classname="com.example.project.CalculatorTests" name="add(int, int, int)[2]" time="0.001"></testcase></testsuite>